1597593886395	geckodriver	INFO	Listening on 127.0.0.1:2044
1597593889541	mozrunner::runner	INFO	Running command: "C:\\Program Files\\Mozilla Firefox\\firefox.exe" "--marionette" "-foreground" "-no-remote" "-profile" "C:\\Users\\Personal\\AppData\\Local\\Temp\\rust_mozprofileUUpYio"
JavaScript error: resource://gre/modules/XULStore.jsm, line 66: Error: Can't find profile directory.
1597593940922	Marionette	INFO	Listening on port 2052
[Parent 2976, Gecko_IOThread] WARNING: file /builds/worker/checkouts/gecko/ipc/chromium/src/base/process_util_win.cc, line 166
1597593941211	Marionette	WARN	TLS certificate errors will be ignored for this session
1597594027194	Marionette	INFO	Stopped listening on port 2052

###!!! [Child][RunMessage] Error: Channel closing: too late to send/recv, messages will be lost

[Parent 2976, Gecko_IOThread] WARNING: pipe error: 232: file /builds/worker/checkouts/gecko/ipc/chromium/src/chrome/common/ipc_channel_win.cc, line 522
1597594078619	geckodriver	INFO	Listening on 127.0.0.1:2334
1597594081707	mozrunner::runner	INFO	Running command: "C:\\Program Files\\Mozilla Firefox\\firefox.exe" "--marionette" "-foreground" "-no-remote" "-profile" "C:\\Users\\Personal\\AppData\\Local\\Temp\\rust_mozprofileQdTvuW"
JavaScript error: resource://gre/modules/XULStore.jsm, line 66: Error: Can't find profile directory.
1597594086158	Marionette	INFO	Listening on port 2344
1597594088383	Marionette	WARN	TLS certificate errors will be ignored for this session

###!!! [Parent][RunMessage] Error: Channel closing: too late to send/recv, messages will be lost

1597594436232	Marionette	INFO	Stopped listening on port 2344

###!!! [Child][RunMessage] Error: Channel closing: too late to send/recv, messages will be lost


###!!! [Child][MessageChannel::SendAndWait] Error: Channel error: cannot send/recv

1597594447566	geckodriver	INFO	Listening on 127.0.0.1:2898
1597594450651	mozrunner::runner	INFO	Running command: "C:\\Program Files\\Mozilla Firefox\\firefox.exe" "--marionette" "-foreground" "-no-remote" "-profile" "C:\\Users\\Personal\\AppData\\Local\\Temp\\rust_mozprofilegcgZh4"
JavaScript error: resource://gre/modules/XULStore.jsm, line 66: Error: Can't find profile directory.
console.error: SearchCache: "_readCacheFile: Error reading cache file:" (new Error("", "(unknown module)"))
1597594455941	Marionette	INFO	Listening on port 2906
1597594455955	Marionette	WARN	TLS certificate errors will be ignored for this session
JavaScript error: https://twitter.com/?lang=en, line 146: ChunkLoadError: Loading chunk 224 failed.
(error: https://abs.twimg.com/responsive-web/client-web/ondemand.emoji.en.d419b1d5.js)
JavaScript error: https://twitter.com/?lang=en, line 146: ChunkLoadError: Loading chunk 155 failed.
(error: https://abs.twimg.com/responsive-web/client-web/ondemand.BranchSdk.02409d15.js)
JavaScript error: https://twitter.com/, line 95: ChunkLoadError: Loading chunk 141 failed.
(error: https://abs.twimg.com/responsive-web/client-web/loader.TimelineRenderer.ef804a05.js)
IPDL protocol error: Handler returned error code!

###!!! [Parent][DispatchAsyncMessage] Error: PImageBridge::Msg_Update Processing error: message was deserialized, but the handler returned false (indicating failure)

IPDL protocol error: Handler returned error code!

###!!! [Parent][DispatchAsyncMessage] Error: PImageBridge::Msg_Update Processing error: message was deserialized, but the handler returned false (indicating failure)

IPDL protocol error: Handler returned error code!

###!!! [Parent][DispatchAsyncMessage] Error: PLayerTransaction::Msg_ReleaseLayer Processing error: message was deserialized, but the handler returned false (indicating failure)

IPDL protocol error: Handler returned error code!

###!!! [Parent][DispatchAsyncMessage] Error: PLayerTransaction::Msg_ReleaseLayer Processing error: message was deserialized, but the handler returned false (indicating failure)

IPDL protocol error: Handler returned error code!

###!!! [Parent][DispatchAsyncMessage] Error: PLayerTransaction::Msg_ReleaseLayer Processing error: message was deserialized, but the handler returned false (indicating failure)

IPDL protocol error: Handler returned error code!

###!!! [Parent][DispatchAsyncMessage] Error: PLayerTransaction::Msg_ReleaseLayer Processing error: message was deserialized, but the handler returned false (indicating failure)

IPDL protocol error: Handler returned error code!

###!!! [Parent][DispatchAsyncMessage] Error: PLayerTransaction::Msg_ReleaseLayer Processing error: message was deserialized, but the handler returned false (indicating failure)

IPDL protocol error: Handler returned error code!

###!!! [Parent][DispatchAsyncMessage] Error: PImageBridge::Msg_Update Processing error: message was deserialized, but the handler returned false (indicating failure)

1597596221458	Marionette	INFO	Stopped listening on port 2906

###!!! [Child][RunMessage] Error: Channel closing: too late to send/recv, messages will be lost


###!!! [Child][MessageChannel::SendAndWait] Error: Channel error: cannot send/recv

1597596272027	geckodriver	INFO	Listening on 127.0.0.1:5580
1597596275172	mozrunner::runner	INFO	Running command: "C:\\Program Files\\Mozilla Firefox\\firefox.exe" "--marionette" "-foreground" "-no-remote" "-profile" "C:\\Users\\Personal\\AppData\\Local\\Temp\\rust_mozprofileR2G84d"
JavaScript error: resource://gre/modules/XULStore.jsm, line 66: Error: Can't find profile directory.
console.error: SearchCache: "_readCacheFile: Error reading cache file:" (new Error("", "(unknown module)"))
1597596278817	Marionette	INFO	Listening on port 5590
1597596278879	Marionette	WARN	TLS certificate errors will be ignored for this session
JavaScript error: https://twitter.com/?lang=en, line 146: ChunkLoadError: Loading chunk 14 failed.
(error: https://abs.twimg.com/responsive-web/client-web/shared~bundle.TopicPeek~ondemand.EmojiPicker.177934d5.js)
IPDL protocol error: Handler returned error code!

###!!! [Parent][DispatchAsyncMessage] Error: PImageBridge::Msg_Update Processing error: message was deserialized, but the handler returned false (indicating failure)

IPDL protocol error: Handler returned error code!

###!!! [Parent][DispatchAsyncMessage] Error: PImageBridge::Msg_Update Processing error: message was deserialized, but the handler returned false (indicating failure)

IPDL protocol error: Handler returned error code!

###!!! [Parent][DispatchAsyncMessage] Error: PImageBridge::Msg_Update Processing error: message was deserialized, but the handler returned false (indicating failure)

IPDL protocol error: Handler returned error code!

###!!! [Parent][DispatchAsyncMessage] Error: PLayerTransaction::Msg_ReleaseLayer Processing error: message was deserialized, but the handler returned false (indicating failure)

IPDL protocol error: Handler returned error code!

###!!! [Parent][DispatchAsyncMessage] Error: PLayerTransaction::Msg_ReleaseLayer Processing error: message was deserialized, but the handler returned false (indicating failure)

IPDL protocol error: Handler returned error code!

###!!! [Parent][DispatchAsyncMessage] Error: PLayerTransaction::Msg_ReleaseLayer Processing error: message was deserialized, but the handler returned false (indicating failure)

IPDL protocol error: Handler returned error code!

###!!! [Parent][DispatchAsyncMessage] Error: PLayerTransaction::Msg_ReleaseLayer Processing error: message was deserialized, but the handler returned false (indicating failure)

IPDL protocol error: Handler returned error code!

###!!! [Parent][DispatchAsyncMessage] Error: PLayerTransaction::Msg_ReleaseLayer Processing error: message was deserialized, but the handler returned false (indicating failure)

1597596416692	Marionette	INFO	Stopped listening on port 5590

###!!! [Child][RunMessage] Error: Channel closing: too late to send/recv, messages will be lost


###!!! [Child][MessageChannel::SendAndWait] Error: Channel error: cannot send/recv

1597596451388	geckodriver	INFO	Listening on 127.0.0.1:5761
1597596454566	mozrunner::runner	INFO	Running command: "C:\\Program Files\\Mozilla Firefox\\firefox.exe" "--marionette" "-foreground" "-no-remote" "-profile" "C:\\Users\\Personal\\AppData\\Local\\Temp\\rust_mozprofiletkkqur"
JavaScript error: resource://gre/modules/XULStore.jsm, line 66: Error: Can't find profile directory.
console.error: SearchCache: "_readCacheFile: Error reading cache file:" (new Error("", "(unknown module)"))
1597596459113	Marionette	INFO	Listening on port 5772
1597596459356	Marionette	WARN	TLS certificate errors will be ignored for this session
1597596880267	geckodriver	INFO	Listening on 127.0.0.1:6163
1597596883387	mozrunner::runner	INFO	Running command: "C:\\Program Files\\Mozilla Firefox\\firefox.exe" "--marionette" "-foreground" "-no-remote" "-profile" "C:\\Users\\Personal\\AppData\\Local\\Temp\\rust_mozprofileQXx0xJ"
JavaScript error: resource://gre/modules/XULStore.jsm, line 66: Error: Can't find profile directory.
console.error: SearchCache: "_readCacheFile: Error reading cache file:" (new Error("", "(unknown module)"))
1597596887347	Marionette	INFO	Listening on port 6178
1597596888672	Marionette	WARN	TLS certificate errors will be ignored for this session
JavaScript error: https://twitter.com/search?q=%23webdevelopment&src=typeahead_click, line 96: ChunkLoadError: Loading chunk 141 failed.
(error: https://abs.twimg.com/responsive-web/client-web/loader.TimelineRenderer.ef804a05.js)
